{
  "RSpec": {
    "coverage": {
      "/Users/mike/dev/shiphawk/rails-app/spec/acceptance/withdraw_spec.rb": [
        1,
        1,
        null,
        1,
        1,
        1,
        null,
        1,
        2,
        null,
        null,
        1,
        1,
        1,
        1,
        1,
        1,
        1,
        null,
        null,
        null,
        null,
        null,
        1,
        1,
        1,
        1,
        1,
        null,
        null,
        null,
        null,
        null,
        null,
        null
      ],
      "/Users/mike/dev/shiphawk/rails-app/spec/models/atm/money_spec.rb": [
        1,
        null,
        1,
        1,
        3,
        1,
        1,
        1,
        null,
        null,
        1,
        1,
        1,
        null,
        null,
        null,
        null,
        1,
        1,
        1,
        1,
        1,
        1,
        1,
        null,
        null,
        null,
        1,
        1,
        1,
        1,
        1,
        1,
        1,
        null,
        null,
        null,
        1,
        1,
        1,
        1,
        1,
        null,
        null,
        1,
        1,
        1,
        1,
        null,
        null,
        null
      ],
      "/Users/mike/dev/shiphawk/rails-app/app/models/atm.rb": [
        1,
        1,
        null,
        null,
        1,
        14,
        14,
        14,
        14,
        null,
        null,
        1,
        30,
        30,
        30,
        null,
        null,
        1,
        18,
        126,
        null,
        18,
        null,
        null,
        null,
        1,
        1,
        1,
        null,
        1,
        6,
        6,
        6,
        6,
        6,
        6,
        6,
        6,
        6,
        null,
        6,
        4,
        null,
        2,
        null,
        null,
        null,
        1,
        44,
        44,
        44,
        44,
        null,
        null,
        1,
        1,
        44,
        44,
        44,
        null,
        null,
        1,
        44,
        null,
        null,
        1,
        44,
        null,
        null,
        1,
        44,
        null,
        null,
        1,
        88,
        88,
        88,
        null,
        null,
        null
      ],
      "/Users/mike/dev/shiphawk/rails-app/app/models/application_record.rb": [
        1,
        1,
        null
      ],
      "/Users/mike/dev/shiphawk/rails-app/app/models/atm/money.rb": [
        1,
        1,
        1,
        null,
        1,
        null,
        null,
        null,
        null,
        null,
        null,
        null,
        null,
        null,
        1,
        18,
        null,
        null,
        1,
        null,
        1,
        254,
        1778,
        null,
        254,
        null,
        null,
        1,
        59,
        413,
        null,
        59,
        null,
        null,
        1,
        45,
        315,
        null,
        45,
        null,
        null,
        1,
        16,
        null,
        null,
        null
      ],
      "/Users/mike/dev/shiphawk/rails-app/spec/models/atm_spec.rb": [
        1,
        null,
        1,
        1,
        8,
        null,
        null,
        1,
        1,
        1,
        1,
        1,
        7,
        null,
        null,
        null,
        1,
        1,
        1,
        1,
        1,
        7,
        null,
        null,
        null,
        null,
        null,
        1,
        1,
        null,
        1,
        2,
        2,
        2,
        2,
        null,
        null,
        1,
        1,
        1,
        1,
        null,
        null,
        1,
        1,
        1,
        1,
        null,
        null,
        null,
        1,
        1,
        1,
        1,
        1,
        1,
        null,
        1,
        7,
        null,
        null,
        null,
        null,
        1,
        1,
        1,
        1,
        1,
        1,
        1,
        null,
        null,
        1,
        1,
        1,
        1,
        1,
        1,
        null,
        null,
        null,
        1,
        1,
        1,
        1,
        1,
        null,
        null,
        null,
        null,
        null,
        null
      ],
      "/Users/mike/dev/shiphawk/rails-app/app/controllers/atm_controller.rb": [
        1,
        1,
        3,
        3,
        null,
        null,
        null,
        1,
        2,
        2,
        1,
        null,
        1,
        null,
        null,
        null,
        null,
        1,
        1,
        3,
        null,
        null,
        null
      ],
      "/Users/mike/dev/shiphawk/rails-app/app/controllers/application_controller.rb": [
        1,
        null
      ]
    },
    "timestamp": 1513880678
  }
}
